{"level":"info","message":"POST /auth/signup - 2025-03-05T11:57:19.668Z"}
{"level":"info","message":"GET /users - 2025-03-05T11:57:37.427Z"}
{"level":"info","message":"GET /users/24 - 2025-03-05T11:57:44.920Z"}
{"level":"info","message":"GET /users/25 - 2025-03-05T11:57:50.633Z"}
{"level":"info","message":"GET /users/24 - 2025-03-05T11:57:59.712Z"}
{"level":"info","message":"GET /users/67c83c1f2b158bc9b32dfb92 - 2025-03-05T11:58:59.379Z"}
{"level":"info","message":"GET /users/24 - 2025-03-05T11:59:16.566Z"}
{"level":"info","message":"POST /auth/signup - 2025-03-05T11:59:46.352Z"}
{"level":"info","message":"POST /auth/signup - 2025-03-05T11:59:54.056Z"}
{"level":"info","message":"GET /users - 2025-03-05T12:00:08.102Z"}
{"level":"info","message":"GET /users - 2025-03-05T12:00:14.837Z"}
{"level":"info","message":"GET /users/24 - 2025-03-05T12:00:21.138Z"}
{"level":"info","message":"GET /users/24 - 2025-03-05T12:01:59.620Z"}
{"level":"info","message":"GET /users/25 - 2025-03-05T12:02:06.355Z"}
{"level":"info","message":"GET /users/23 - 2025-03-05T12:02:14.987Z"}
{"level":"info","message":"POST /auth/signup - 2025-03-05T12:02:33.884Z"}
{"level":"info","message":"POST /auth/signup - 2025-03-05T12:03:18.324Z"}
{"level":"info","message":"GET /users/28 - 2025-03-05T12:03:38.634Z"}
{"level":"info","message":"GET /users/25 - 2025-03-05T12:03:44.269Z"}
{"level":"info","message":"GET /users/24 - 2025-03-05T12:03:48.932Z"}
{"level":"info","message":"GET /users/28 - 2025-03-05T12:04:11.534Z"}
{"level":"info","message":"GET /users/24 - 2025-03-05T12:04:19.257Z"}
{"level":"info","message":"GET /users/28 - 2025-03-05T12:07:25.812Z"}
{"level":"info","message":"GET /users/24 - 2025-03-05T12:07:30.299Z"}
{"level":"info","message":"GET /users/1 - 2025-03-05T12:07:36.799Z"}
{"level":"info","message":"GET /users/3 - 2025-03-05T12:07:41.978Z"}
{"level":"info","message":"GET /users/4 - 2025-03-05T12:07:50.169Z"}
{"level":"info","message":"GET /users/5 - 2025-03-05T12:07:56.678Z"}
{"level":"info","message":"GET /users/6 - 2025-03-05T12:08:01.392Z"}
{"level":"info","message":"DELETE /users/6 - 2025-03-05T12:08:07.604Z"}
{"level":"info","message":"DELETE /users/28 - 2025-03-05T12:08:16.277Z"}
{"level":"info","message":"POST /auth/signup - 2025-03-05T12:09:49.703Z"}
{"level":"info","message":"GET /users/29 - 2025-03-05T12:10:11.390Z"}
{"level":"info","message":"GET /users/6 - 2025-03-05T12:10:19.586Z"}
{"level":"info","message":"GET /users/6 - 2025-03-05T12:13:00.745Z"}
{"level":"info","message":"GET /users/7 - 2025-03-05T12:13:07.168Z"}
{"level":"info","message":"GET /users/28 - 2025-03-05T12:13:10.931Z"}
{"level":"info","message":"GET /users/28 - 2025-03-05T12:13:41.034Z"}
{"level":"info","message":"GET /users/29 - 2025-03-05T12:13:49.887Z"}
{"level":"info","message":"GET /users/29 - 2025-03-05T12:14:45.377Z"}
{"level":"info","message":"GET /users/29 - 2025-03-05T12:16:05.657Z"}
{"level":"info","message":"GET /users/6 - 2025-03-05T12:16:10.399Z"}
{"level":"info","message":"GET /users/2 - 2025-03-05T12:16:17.314Z"}
{"level":"info","message":"GET /users/2 - 2025-03-05T12:16:42.432Z"}
{"level":"info","message":"GET /users/29 - 2025-03-05T12:16:44.836Z"}
{"level":"info","message":"GET /users/2 - 2025-03-05T12:17:18.275Z"}
{"level":"info","message":"DELETE /users/2 - 2025-03-05T12:18:59.522Z"}
{"level":"info","message":"DELETE /users/29 - 2025-03-05T12:19:08.593Z"}
{"level":"info","message":"POST /auth/signup - 2025-03-05T12:19:14.365Z"}
{"level":"info","message":"PATCH /users/2 - 2025-03-05T12:20:32.891Z"}
{"level":"info","message":"PATCH /users/29 - 2025-03-05T12:20:38.956Z"}
{"level":"info","message":"GET /users/29 - 2025-03-05T12:22:32.581Z"}
{"level":"info","message":"GET /users/30 - 2025-03-05T12:22:38.327Z"}
{"level":"info","message":"GET /users/30 - 2025-03-05T12:23:16.901Z"}
{"level":"info","message":"GET /users/1 - 2025-03-05T12:23:21.638Z"}
{"level":"info","message":"DELETE /users/1 - 2025-03-05T12:25:57.527Z"}
{"level":"info","message":"DELETE /users/30 - 2025-03-05T12:26:03.205Z"}
{"level":"info","message":"POST /auth/signup - 2025-03-05T12:26:12.338Z"}
{"level":"info","message":"GET /users/31 - 2025-03-05T12:26:26.328Z"}
{"level":"info","message":"GET /users/6 - 2025-03-05T12:26:32.661Z"}
{"level":"info","message":"GET /users/31 - 2025-03-05T12:26:38.396Z"}
{"level":"info","message":"PATCH /users/31 - 2025-03-05T12:32:34.595Z"}
{"level":"info","message":"PATCH /users/3 - 2025-03-05T12:32:41.222Z"}
{"level":"info","message":"PATCH /users/31 - 2025-03-05T12:32:58.679Z"}
{"level":"info","message":"PATCH /users/31 - 2025-03-05T12:34:47.641Z"}
{"level":"info","message":"PATCH /users/31 - 2025-03-05T12:35:58.204Z"}
{"level":"info","message":"PATCH /users/31 - 2025-03-05T12:37:01.192Z"}
{"level":"info","message":"PATCH /users/31 - 2025-03-05T12:38:35.825Z"}
{"level":"info","message":"PATCH /users/31 - 2025-03-05T12:39:49.939Z"}
{"level":"info","message":"PATCH /users/1 - 2025-03-05T12:39:55.896Z"}
{"level":"info","message":"PATCH /users/31 - 2025-03-05T12:40:06.145Z"}
{"level":"info","message":"PATCH /users/31 - 2025-03-05T12:41:28.282Z"}
{"level":"info","message":"PATCH /users/1 - 2025-03-05T12:41:33.186Z"}
{"level":"info","message":"PATCH /users/1 - 2025-03-05T12:42:26.358Z"}
{"level":"info","message":"PATCH /users/31 - 2025-03-05T12:42:38.026Z"}
